AB_noaux {'tau': 5, 'delayed_mass': 0.3} -> val NRMSE 0.6049 (76.9s)
AB_noaux {'tau': 5, 'delayed_mass': 0.5} -> val NRMSE 0.6349 (76.7s)
AB_noaux {'tau': 15, 'delayed_mass': 0.3} -> val NRMSE 0.6250 (80.0s)
AB_noaux {'tau': 15, 'delayed_mass': 0.5} -> val NRMSE 0.6582 (81.0s)
single_kernel {'K': 15, 'r': 0.7, 'past_mass': 0.3} -> val NRMSE 0.5718 (89.8s)
single_kernel {'K': 15, 'r': 0.7, 'past_mass': 0.5} -> val NRMSE 0.5760 (89.4s)
single_kernel {'K': 15, 'r': 0.9, 'past_mass': 0.3} -> val NRMSE 0.5721 (89.1s)
single_kernel {'K': 15, 'r': 0.9, 'past_mass': 0.5} -> val NRMSE 0.5858 (89.3s)
dual_kernel {'K': 15, 'r_fast': 0.5, 'r_slow': 0.9, 'fast_mass': 0.2, 'slow_mass': 0.2} -> val NRMSE 0.5728 (89.2s)
dual_kernel {'K': 15, 'r_fast': 0.5, 'r_slow': 0.9, 'fast_mass': 0.2, 'slow_mass': 0.3} -> val NRMSE 0.5754 (89.4s)
triangular {'K': 15, 'past_mass': 0.3} -> val NRMSE 0.5726 (89.3s)
triangular {'K': 15, 'past_mass': 0.5} -> val NRMSE 0.5879 (89.2s)
uniform {'K': 15, 'past_mass': 0.3} -> val NRMSE 0.5765 (89.2s)
uniform {'K': 15, 'past_mass': 0.5} -> val NRMSE 0.6013 (89.2s)
ESN {'n_reservoir': 200, 'spectral_radius': 0.5, 'input_scale': 1.0, 'leak_rate': 0.3} -> val NRMSE 0.6001 (108.3s)
ESN {'n_reservoir': 200, 'spectral_radius': 0.5, 'input_scale': 1.0, 'leak_rate': 0.7} -> val NRMSE 0.5613 (107.5s)
ESN {'n_reservoir': 200, 'spectral_radius': 0.9, 'input_scale': 1.0, 'leak_rate': 0.3} -> val NRMSE 0.6002 (107.6s)
ESN {'n_reservoir': 200, 'spectral_radius': 0.9, 'input_scale': 1.0, 'leak_rate': 0.7} -> val NRMSE 0.5631 (107.0s)
ESN {'n_reservoir': 200, 'spectral_radius': 1.2, 'input_scale': 1.0, 'leak_rate': 0.3} -> val NRMSE 0.6158 (106.6s)
ESN {'n_reservoir': 200, 'spectral_radius': 1.2, 'input_scale': 1.0, 'leak_rate': 0.7} -> val NRMSE 0.5694 (107.1s)
wrote /home/franco/QRC EEG/results/eeg/hp_search_log.csv
wrote /home/franco/QRC EEG/results/eeg/hp_selected.json
