[2026-07-13T10:09:49-03:00] sanity_and_leakage
============================= test session starts ==============================
platform linux -- Python 3.13.9, pytest-9.1.1, pluggy-1.6.0 -- /home/franco/QRC EEG/.venv/bin/python
cachedir: .pytest_cache
rootdir: /home/franco/QRC EEG
configfile: pyproject.toml
collecting ... collected 8 items

tests/test_mechanism_checks.py::test_trace_hermiticity_positivity_over_trajectory PASSED [ 12%]
tests/test_mechanism_checks.py::test_fading_memory_echo_state_property PASSED [ 25%]
tests/test_mechanism_checks.py::test_shuffled_target_leakage_r2_near_zero PASSED [ 37%]
tests/test_mechanism_checks.py::test_nonzero_quadratic_capacity PASSED   [ 50%]
tests/test_mechanism_checks.py::test_complex64_matches_complex128 PASSED [ 62%]
tests/test_mechanism_checks.py::test_constructions_produce_distinct_trajectories PASSED [ 75%]
tests/test_constructions_differ.py::test_constructions_differ_on_real_shaped_input PASSED [ 87%]
tests/test_batched_matches_reference.py::test_batched_matches_sequential_reference PASSED [100%]

============================== 8 passed in 3.73s ===============================
sanity checks: ok
[2026-07-13T10:09:53-03:00] bugfix_leakage_tests
...                                                                      [100%]
3 passed in 0.65s
[2026-07-13T10:09:54-03:00] hp_search_causal
AB_noaux {'tau': 5, 'delayed_mass': 0.3} -> val NRMSE 0.6409 (67.3s)
AB_noaux {'tau': 5, 'delayed_mass': 0.5} -> val NRMSE 0.6710 (67.2s)
AB_noaux {'tau': 15, 'delayed_mass': 0.3} -> val NRMSE 0.6565 (70.9s)
AB_noaux {'tau': 15, 'delayed_mass': 0.5} -> val NRMSE 0.6892 (70.8s)
single_kernel {'K': 15, 'r': 0.7, 'past_mass': 0.3} -> val NRMSE 0.6063 (80.8s)
single_kernel {'K': 15, 'r': 0.7, 'past_mass': 0.5} -> val NRMSE 0.6119 (80.7s)
single_kernel {'K': 15, 'r': 0.9, 'past_mass': 0.3} -> val NRMSE 0.6068 (80.3s)
single_kernel {'K': 15, 'r': 0.9, 'past_mass': 0.5} -> val NRMSE 0.6238 (80.4s)
dual_kernel {'K': 15, 'r_fast': 0.5, 'r_slow': 0.9, 'fast_mass': 0.2, 'slow_mass': 0.2} -> val NRMSE 0.6076 (80.6s)
dual_kernel {'K': 15, 'r_fast': 0.5, 'r_slow': 0.9, 'fast_mass': 0.2, 'slow_mass': 0.3} -> val NRMSE 0.6104 (80.7s)
triangular {'K': 15, 'past_mass': 0.3} -> val NRMSE 0.6080 (80.8s)
triangular {'K': 15, 'past_mass': 0.5} -> val NRMSE 0.6259 (80.5s)
uniform {'K': 15, 'past_mass': 0.3} -> val NRMSE 0.6103 (80.7s)
uniform {'K': 15, 'past_mass': 0.5} -> val NRMSE 0.6402 (80.6s)
ESN {'n_reservoir': 200, 'spectral_radius': 0.5, 'input_scale': 1.0, 'leak_rate': 0.3} -> val NRMSE 0.6345 (77.3s)
ESN {'n_reservoir': 200, 'spectral_radius': 0.5, 'input_scale': 1.0, 'leak_rate': 0.7} -> val NRMSE 0.5821 (76.2s)
ESN {'n_reservoir': 200, 'spectral_radius': 0.9, 'input_scale': 1.0, 'leak_rate': 0.3} -> val NRMSE 0.6314 (76.4s)
ESN {'n_reservoir': 200, 'spectral_radius': 0.9, 'input_scale': 1.0, 'leak_rate': 0.7} -> val NRMSE 0.5870 (76.6s)
ESN {'n_reservoir': 200, 'spectral_radius': 1.2, 'input_scale': 1.0, 'leak_rate': 0.3} -> val NRMSE 0.6529 (76.4s)
ESN {'n_reservoir': 200, 'spectral_radius': 1.2, 'input_scale': 1.0, 'leak_rate': 0.7} -> val NRMSE 0.5994 (76.6s)
wrote /home/franco/QRC EEG/results/eeg/hp_search_log.csv
wrote /home/franco/QRC EEG/results/eeg/hp_selected.json
[2026-07-13T10:35:36-03:00] esn66_hp_search_causal
ESN_66 {'n_reservoir': 66, 'spectral_radius': 0.5, 'input_scale': 1.0, 'leak_rate': 0.3} -> val NRMSE 0.6652 (21.0s)
ESN_66 {'n_reservoir': 66, 'spectral_radius': 0.5, 'input_scale': 1.0, 'leak_rate': 0.7} -> val NRMSE 0.5952 (20.9s)
ESN_66 {'n_reservoir': 66, 'spectral_radius': 0.9, 'input_scale': 1.0, 'leak_rate': 0.3} -> val NRMSE 0.6716 (20.9s)
ESN_66 {'n_reservoir': 66, 'spectral_radius': 0.9, 'input_scale': 1.0, 'leak_rate': 0.7} -> val NRMSE 0.6041 (20.8s)
ESN_66 {'n_reservoir': 66, 'spectral_radius': 1.2, 'input_scale': 1.0, 'leak_rate': 0.3} -> val NRMSE 0.6813 (20.9s)
ESN_66 {'n_reservoir': 66, 'spectral_radius': 1.2, 'input_scale': 1.0, 'leak_rate': 0.7} -> val NRMSE 0.6231 (20.9s)
wrote /home/franco/QRC EEG/results/eeg/hp_search_log_esn66.csv
wrote /home/franco/QRC EEG/results/eeg/hp_selected_esn66.json
[2026-07-13T10:37:43-03:00] holdout_causal
Z: causal training-only scaler mean=-2.96436 std=48.0139 n=245820
F: causal training-only scaler mean=-2.91726 std=63.6454 n=245820
S: causal training-only scaler mean=-6.93099 std=305.697 n=245820
AB_noaux set=Z seed=1: 33.7s mean_nrmse=0.6708
AB_noaux set=Z seed=2: 33.8s mean_nrmse=0.6723
AB_noaux set=Z seed=3: 33.5s mean_nrmse=0.6743
AB_noaux set=Z seed=4: 33.7s mean_nrmse=0.6700
AB_noaux set=Z seed=5: 33.6s mean_nrmse=0.6691
AB_noaux set=Z seed=6: 33.9s mean_nrmse=0.6723
AB_noaux set=Z seed=7: 33.9s mean_nrmse=0.6743
AB_noaux set=Z seed=8: 34.0s mean_nrmse=0.6699
AB_noaux set=Z seed=9: 33.9s mean_nrmse=0.6696
AB_noaux set=Z seed=10: 33.9s mean_nrmse=0.6722
AB_noaux set=F seed=1: 33.7s mean_nrmse=0.5412
AB_noaux set=F seed=2: 34.0s mean_nrmse=0.5494
AB_noaux set=F seed=3: 34.0s mean_nrmse=0.5474
AB_noaux set=F seed=4: 34.1s mean_nrmse=0.5397
AB_noaux set=F seed=5: 34.0s mean_nrmse=0.5414
AB_noaux set=F seed=6: 34.0s mean_nrmse=0.5463
AB_noaux set=F seed=7: 33.8s mean_nrmse=0.5470
AB_noaux set=F seed=8: 33.8s mean_nrmse=0.5409
AB_noaux set=F seed=9: 33.8s mean_nrmse=0.5408
AB_noaux set=F seed=10: 33.6s mean_nrmse=0.5518
AB_noaux set=S seed=1: 33.6s mean_nrmse=0.6016
AB_noaux set=S seed=2: 34.0s mean_nrmse=0.6119
AB_noaux set=S seed=3: 33.6s mean_nrmse=0.6151
AB_noaux set=S seed=4: 33.6s mean_nrmse=0.5992
AB_noaux set=S seed=5: 33.5s mean_nrmse=0.6085
AB_noaux set=S seed=6: 33.5s mean_nrmse=0.6025
AB_noaux set=S seed=7: 33.5s mean_nrmse=0.6088
AB_noaux set=S seed=8: 33.8s mean_nrmse=0.6063
AB_noaux set=S seed=9: 33.7s mean_nrmse=0.6047
AB_noaux set=S seed=10: 33.8s mean_nrmse=0.6058
single_kernel set=Z seed=1: 40.2s mean_nrmse=0.6446
single_kernel set=Z seed=2: 40.2s mean_nrmse=0.6448
single_kernel set=Z seed=3: 40.1s mean_nrmse=0.6463
single_kernel set=Z seed=4: 40.0s mean_nrmse=0.6466
single_kernel set=Z seed=5: 40.1s mean_nrmse=0.6430
single_kernel set=Z seed=6: 40.2s mean_nrmse=0.6471
single_kernel set=Z seed=7: 40.1s mean_nrmse=0.6478
single_kernel set=Z seed=8: 40.5s mean_nrmse=0.6433
single_kernel set=Z seed=9: 40.5s mean_nrmse=0.6465
single_kernel set=Z seed=10: 40.4s mean_nrmse=0.6446
single_kernel set=F seed=1: 40.2s mean_nrmse=0.5268
single_kernel set=F seed=2: 40.3s mean_nrmse=0.5403
single_kernel set=F seed=3: 40.4s mean_nrmse=0.5346
single_kernel set=F seed=4: 40.1s mean_nrmse=0.5300
single_kernel set=F seed=5: 40.4s mean_nrmse=0.5267
single_kernel set=F seed=6: 39.9s mean_nrmse=0.5383
single_kernel set=F seed=7: 40.1s mean_nrmse=0.5367
single_kernel set=F seed=8: 40.2s mean_nrmse=0.5279
single_kernel set=F seed=9: 40.3s mean_nrmse=0.5315
single_kernel set=F seed=10: 40.3s mean_nrmse=0.5411
single_kernel set=S seed=1: 40.2s mean_nrmse=0.5514
single_kernel set=S seed=2: 40.2s mean_nrmse=0.5626
single_kernel set=S seed=3: 40.2s mean_nrmse=0.5617
single_kernel set=S seed=4: 40.2s mean_nrmse=0.5526
single_kernel set=S seed=5: 40.4s mean_nrmse=0.5600
single_kernel set=S seed=6: 40.4s mean_nrmse=0.5538
single_kernel set=S seed=7: 40.5s mean_nrmse=0.5632
single_kernel set=S seed=8: 40.6s mean_nrmse=0.5576
single_kernel set=S seed=9: 40.6s mean_nrmse=0.5605
single_kernel set=S seed=10: 40.3s mean_nrmse=0.5546
dual_kernel set=Z seed=1: 40.2s mean_nrmse=0.6456
dual_kernel set=Z seed=2: 40.2s mean_nrmse=0.6468
dual_kernel set=Z seed=3: 40.3s mean_nrmse=0.6473
dual_kernel set=Z seed=4: 40.3s mean_nrmse=0.6480
dual_kernel set=Z seed=5: 40.2s mean_nrmse=0.6443
dual_kernel set=Z seed=6: 40.5s mean_nrmse=0.6465
dual_kernel set=Z seed=7: 40.6s mean_nrmse=0.6475
dual_kernel set=Z seed=8: 40.5s mean_nrmse=0.6439
dual_kernel set=Z seed=9: 40.1s mean_nrmse=0.6465
dual_kernel set=Z seed=10: 40.5s mean_nrmse=0.6467
dual_kernel set=F seed=1: 40.5s mean_nrmse=0.5287
dual_kernel set=F seed=2: 40.5s mean_nrmse=0.5388
dual_kernel set=F seed=3: 40.7s mean_nrmse=0.5350
dual_kernel set=F seed=4: 40.5s mean_nrmse=0.5300
dual_kernel set=F seed=5: 40.2s mean_nrmse=0.5289
dual_kernel set=F seed=6: 40.6s mean_nrmse=0.5344
dual_kernel set=F seed=7: 40.3s mean_nrmse=0.5348
dual_kernel set=F seed=8: 41.0s mean_nrmse=0.5279
dual_kernel set=F seed=9: 40.9s mean_nrmse=0.5321
dual_kernel set=F seed=10: 40.9s mean_nrmse=0.5414
dual_kernel set=S seed=1: 40.9s mean_nrmse=0.5506
dual_kernel set=S seed=2: 40.2s mean_nrmse=0.5667
dual_kernel set=S seed=3: 40.3s mean_nrmse=0.5658
dual_kernel set=S seed=4: 40.3s mean_nrmse=0.5531
dual_kernel set=S seed=5: 40.0s mean_nrmse=0.5611
dual_kernel set=S seed=6: 40.2s mean_nrmse=0.5495
dual_kernel set=S seed=7: 40.0s mean_nrmse=0.5616
dual_kernel set=S seed=8: 40.0s mean_nrmse=0.5578
dual_kernel set=S seed=9: 40.2s mean_nrmse=0.5608
dual_kernel set=S seed=10: 40.0s mean_nrmse=0.5561
triangular set=Z seed=1: 40.0s mean_nrmse=0.6438
triangular set=Z seed=2: 40.3s mean_nrmse=0.6460
triangular set=Z seed=3: 40.2s mean_nrmse=0.6472
triangular set=Z seed=4: 40.4s mean_nrmse=0.6445
triangular set=Z seed=5: 40.1s mean_nrmse=0.6432
triangular set=Z seed=6: 40.4s mean_nrmse=0.6460
triangular set=Z seed=7: 40.2s mean_nrmse=0.6483
triangular set=Z seed=8: 40.5s mean_nrmse=0.6447
triangular set=Z seed=9: 40.2s mean_nrmse=0.6448
triangular set=Z seed=10: 40.6s mean_nrmse=0.6458
triangular set=F seed=1: 40.2s mean_nrmse=0.5272
triangular set=F seed=2: 40.3s mean_nrmse=0.5371
triangular set=F seed=3: 40.1s mean_nrmse=0.5352
triangular set=F seed=4: 40.1s mean_nrmse=0.5287
triangular set=F seed=5: 40.1s mean_nrmse=0.5293
triangular set=F seed=6: 40.1s mean_nrmse=0.5333
triangular set=F seed=7: 40.1s mean_nrmse=0.5343
triangular set=F seed=8: 40.1s mean_nrmse=0.5267
triangular set=F seed=9: 40.3s mean_nrmse=0.5305
triangular set=F seed=10: 40.4s mean_nrmse=0.5415
triangular set=S seed=1: 40.1s mean_nrmse=0.5548
triangular set=S seed=2: 40.4s mean_nrmse=0.5650
triangular set=S seed=3: 40.2s mean_nrmse=0.5643
triangular set=S seed=4: 40.2s mean_nrmse=0.5540
triangular set=S seed=5: 40.0s mean_nrmse=0.5646
triangular set=S seed=6: 40.0s mean_nrmse=0.5557
triangular set=S seed=7: 40.0s mean_nrmse=0.5621
triangular set=S seed=8: 40.2s mean_nrmse=0.5584
triangular set=S seed=9: 40.6s mean_nrmse=0.5632
triangular set=S seed=10: 40.6s mean_nrmse=0.5550
uniform set=Z seed=1: 40.0s mean_nrmse=0.6488
uniform set=Z seed=2: 40.5s mean_nrmse=0.6529
uniform set=Z seed=3: 40.0s mean_nrmse=0.6541
uniform set=Z seed=4: 40.0s mean_nrmse=0.6502
uniform set=Z seed=5: 40.1s mean_nrmse=0.6496
uniform set=Z seed=6: 40.3s mean_nrmse=0.6511
uniform set=Z seed=7: 40.0s mean_nrmse=0.6540
uniform set=Z seed=8: 40.1s mean_nrmse=0.6523
uniform set=Z seed=9: 40.1s mean_nrmse=0.6500
uniform set=Z seed=10: 40.3s mean_nrmse=0.6526
uniform set=F seed=1: 40.3s mean_nrmse=0.5341
uniform set=F seed=2: 40.5s mean_nrmse=0.5389
uniform set=F seed=3: 40.4s mean_nrmse=0.5399
uniform set=F seed=4: 40.7s mean_nrmse=0.5366
uniform set=F seed=5: 40.5s mean_nrmse=0.5374
uniform set=F seed=6: 40.7s mean_nrmse=0.5352
uniform set=F seed=7: 40.1s mean_nrmse=0.5396
uniform set=F seed=8: 40.3s mean_nrmse=0.5331
uniform set=F seed=9: 40.2s mean_nrmse=0.5352
uniform set=F seed=10: 40.2s mean_nrmse=0.5471
uniform set=S seed=1: 40.0s mean_nrmse=0.5636
uniform set=S seed=2: 40.6s mean_nrmse=0.5685
uniform set=S seed=3: 40.0s mean_nrmse=0.5681
uniform set=S seed=4: 40.1s mean_nrmse=0.5587
uniform set=S seed=5: 40.0s mean_nrmse=0.5705
uniform set=S seed=6: 40.6s mean_nrmse=0.5598
uniform set=S seed=7: 40.5s mean_nrmse=0.5671
uniform set=S seed=8: 40.6s mean_nrmse=0.5636
uniform set=S seed=9: 40.1s mean_nrmse=0.5665
uniform set=S seed=10: 40.3s mean_nrmse=0.5613
ESN set=Z seed=1: 49.7s mean_nrmse=0.6538
ESN set=Z seed=2: 49.6s mean_nrmse=0.6516
ESN set=Z seed=3: 50.1s mean_nrmse=0.6522
ESN set=Z seed=4: 50.1s mean_nrmse=0.6518
ESN set=Z seed=5: 52.1s mean_nrmse=0.6523
ESN set=Z seed=6: 50.0s mean_nrmse=0.6529
ESN set=Z seed=7: 50.0s mean_nrmse=0.6516
ESN set=Z seed=8: 50.1s mean_nrmse=0.6528
ESN set=Z seed=9: 50.0s mean_nrmse=0.6518
ESN set=Z seed=10: 49.8s mean_nrmse=0.6519
ESN set=F seed=1: 50.0s mean_nrmse=0.5068
ESN set=F seed=2: 49.9s mean_nrmse=0.5195
ESN set=F seed=3: 50.0s mean_nrmse=0.5100
ESN set=F seed=4: 49.8s mean_nrmse=0.5177
ESN set=F seed=5: 49.8s mean_nrmse=0.5207
ESN set=F seed=6: 49.9s mean_nrmse=0.5175
ESN set=F seed=7: 49.8s mean_nrmse=0.5156
ESN set=F seed=8: 49.9s mean_nrmse=0.5071
ESN set=F seed=9: 49.9s mean_nrmse=0.5269
ESN set=F seed=10: 50.1s mean_nrmse=0.5249
ESN set=S seed=1: 49.9s mean_nrmse=0.5426
ESN set=S seed=2: 50.1s mean_nrmse=0.5379
ESN set=S seed=3: 50.0s mean_nrmse=0.5392
ESN set=S seed=4: 50.0s mean_nrmse=0.5462
ESN set=S seed=5: 50.0s mean_nrmse=0.5441
ESN set=S seed=6: 50.2s mean_nrmse=0.5418
ESN set=S seed=7: 50.5s mean_nrmse=0.5406
ESN set=S seed=8: 50.0s mean_nrmse=0.5431
ESN set=S seed=9: 50.1s mean_nrmse=0.5424
ESN set=S seed=10: 50.1s mean_nrmse=0.5414
wrote /home/franco/QRC EEG/results/eeg/raw/eeg_holdout_by_segment_seed.csv (14400 rows)
[2026-07-13T12:40:14-03:00] esn66_holdout_causal
ESN_66 set=Z seed=1: 13.8s mean_nrmse=0.6597
ESN_66 set=Z seed=2: 13.8s mean_nrmse=0.6654
ESN_66 set=Z seed=3: 13.8s mean_nrmse=0.6625
ESN_66 set=Z seed=4: 13.8s mean_nrmse=0.6637
ESN_66 set=Z seed=5: 13.8s mean_nrmse=0.6605
ESN_66 set=Z seed=6: 13.8s mean_nrmse=0.6626
ESN_66 set=Z seed=7: 13.7s mean_nrmse=0.6563
ESN_66 set=Z seed=8: 13.7s mean_nrmse=0.6563
ESN_66 set=Z seed=9: 13.7s mean_nrmse=0.6606
ESN_66 set=Z seed=10: 13.7s mean_nrmse=0.6634
ESN_66 set=F seed=1: 13.9s mean_nrmse=0.5132
ESN_66 set=F seed=2: 13.8s mean_nrmse=0.5206
ESN_66 set=F seed=3: 13.8s mean_nrmse=0.5172
ESN_66 set=F seed=4: 13.8s mean_nrmse=0.5230
ESN_66 set=F seed=5: 13.8s mean_nrmse=0.5176
ESN_66 set=F seed=6: 13.8s mean_nrmse=0.5213
ESN_66 set=F seed=7: 13.8s mean_nrmse=0.5100
ESN_66 set=F seed=8: 13.8s mean_nrmse=0.5094
ESN_66 set=F seed=9: 13.8s mean_nrmse=0.5166
ESN_66 set=F seed=10: 13.8s mean_nrmse=0.5270
ESN_66 set=S seed=1: 13.8s mean_nrmse=0.5623
ESN_66 set=S seed=2: 13.9s mean_nrmse=0.5734
ESN_66 set=S seed=3: 13.5s mean_nrmse=0.5725
ESN_66 set=S seed=4: 13.8s mean_nrmse=0.5680
ESN_66 set=S seed=5: 13.6s mean_nrmse=0.5694
ESN_66 set=S seed=6: 13.8s mean_nrmse=0.5652
ESN_66 set=S seed=7: 13.6s mean_nrmse=0.5575
ESN_66 set=S seed=8: 13.9s mean_nrmse=0.5549
ESN_66 set=S seed=9: 13.6s mean_nrmse=0.5598
ESN_66 set=S seed=10: 13.8s mean_nrmse=0.5671
wrote /home/franco/QRC EEG/results/eeg/raw/eeg_holdout_esn66_by_segment_seed.csv (2400 rows)
[2026-07-13T12:47:08-03:00] capacity_validation_selected
AB_noaux: quadratic = 1.9296 +/- 0.1230, linear = 2.6086 +/- 0.0654
single_kernel: quadratic = 2.6151 +/- 0.1018, linear = 3.4492 +/- 0.1552
dual_kernel: quadratic = 2.5051 +/- 0.0799, linear = 3.2464 +/- 0.0548
triangular: quadratic = 2.6154 +/- 0.0841, linear = 3.4204 +/- 0.1911
uniform: quadratic = 2.5878 +/- 0.0818, linear = 3.3617 +/- 0.2053
ESN: quadratic = 0.0087 +/- 0.0038, linear = 3.2333 +/- 0.0442
wrote /home/franco/QRC EEG/results/eeg/quadratic_capacity.csv
wrote /home/franco/QRC EEG/results/eeg/linear_capacity.csv
[2026-07-13T12:47:32-03:00] paired_statistics
wrote /home/franco/QRC EEG/results/eeg/tab_eeg_contrasts.csv (36 rows)
                      comparison set  ...    p_holm  win_fraction_state
0   dual_kernel vs single_kernel   F  ...  0.000515                0.10
1      single_kernel vs AB_noaux   F  ...  0.000069                1.00
2           single_kernel vs ESN   F  ...  0.000069                0.00
3   dual_kernel vs single_kernel   F  ...  0.039711                0.10
4      single_kernel vs AB_noaux   F  ...  0.000374                0.90
5           single_kernel vs ESN   F  ...  0.000069                0.00
6   dual_kernel vs single_kernel   F  ...  1.000000                0.65
7      single_kernel vs AB_noaux   F  ...  0.584862                0.80
8           single_kernel vs ESN   F  ...  0.026604                0.15
9   dual_kernel vs single_kernel   F  ...  0.443630                0.75
10     single_kernel vs AB_noaux   F  ...  1.000000                0.60
11          single_kernel vs ESN   F  ...  0.080198                0.70
12  dual_kernel vs single_kernel   S  ...  0.443630                0.25
13     single_kernel vs AB_noaux   S  ...  0.000069                1.00
14          single_kernel vs ESN   S  ...  0.000069                0.00
15  dual_kernel vs single_kernel   S  ...  0.443630                0.25
16     single_kernel vs AB_noaux   S  ...  0.000069                1.00
17          single_kernel vs ESN   S  ...  0.000942                0.10
18  dual_kernel vs single_kernel   S  ...  1.000000                0.35
19     single_kernel vs AB_noaux   S  ...  0.026604                0.85
20          single_kernel vs ESN   S  ...  0.274902                0.20
21  dual_kernel vs single_kernel   S  ...  1.000000                0.55
22     single_kernel vs AB_noaux   S  ...  1.000000                0.40
23          single_kernel vs ESN   S  ...  1.000000                0.35
24  dual_kernel vs single_kernel   Z  ...  0.016983                0.25
25     single_kernel vs AB_noaux   Z  ...  0.000069                1.00
26          single_kernel vs ESN   Z  ...  0.016983                0.05
27  dual_kernel vs single_kernel   Z  ...  0.160406                0.30
28     single_kernel vs AB_noaux   Z  ...  0.000069                1.00
29          single_kernel vs ESN   Z  ...  0.443630                0.25
30  dual_kernel vs single_kernel   Z  ...  1.000000                0.40
31     single_kernel vs AB_noaux   Z  ...  0.008059                0.85
32          single_kernel vs ESN   Z  ...  1.000000                0.45
33  dual_kernel vs single_kernel   Z  ...  1.000000                0.65
34     single_kernel vs AB_noaux   Z  ...  0.584862                0.65
35          single_kernel vs ESN   Z  ...  0.100456                0.85

[36 rows x 6 columns]
[2026-07-13T12:47:40-03:00] esn66_contrasts
wrote /home/franco/QRC EEG/results/eeg/tab_esn_matched.csv (12 rows)
   set  horizon  ...  esn66_nrmse_mean_matched  esn200_nrmse_mean_unmatched
0    F        1  ...                  0.184423                     0.178630
1    F        2  ...                  0.331052                     0.328022
2    F        4  ...                  0.622709                     0.622358
3    F        8  ...                  0.932164                     0.937699
4    S        1  ...                  0.162593                     0.148294
5    S        2  ...                  0.366867                     0.338925
6    S        4  ...                  0.768093                     0.733951
7    S        8  ...                  0.962457                     0.946563
8    Z        1  ...                  0.265735                     0.261348
9    Z        2  ...                  0.506119                     0.497146
10   Z        4  ...                  0.874306                     0.860650
11   Z        8  ...                  0.998225                     0.989881

[12 rows x 9 columns]
wrote /home/franco/QRC EEG/paper/tab_esn_matched.tex
[2026-07-13T12:47:43-03:00] long_horizon_contrasts
wrote /home/franco/QRC EEG/results/eeg/tab_long_horizon_contrasts.csv (12 rows)
                   comparison set  ...    p_holm  win_fraction_state
0   single_kernel vs AB_noaux   F  ...  0.372185                0.80
1     single_kernel vs ESN_66   F  ...  0.389229                0.40
2   single_kernel vs AB_noaux   F  ...  0.648502                0.60
3     single_kernel vs ESN_66   F  ...  0.003868                0.85
4   single_kernel vs AB_noaux   S  ...  0.010883                0.85
5     single_kernel vs ESN_66   S  ...  0.372185                0.65
6   single_kernel vs AB_noaux   S  ...  0.648502                0.40
7     single_kernel vs ESN_66   S  ...  0.648502                0.65
8   single_kernel vs AB_noaux   Z  ...  0.003868                0.85
9     single_kernel vs ESN_66   Z  ...  0.051117                0.75
10  single_kernel vs AB_noaux   Z  ...  0.372185                0.65
11    single_kernel vs ESN_66   Z  ...  0.007076                0.90

[12 rows x 8 columns]
wrote /home/franco/QRC EEG/paper/tab_long_horizon_contrasts.tex
[2026-07-13T12:47:47-03:00] tables_figures
/home/franco/.config/matplotlib is not a writable directory
Matplotlib created a temporary cache directory at /tmp/matplotlib-s_wniwst because there was an issue with the default path ({configdir}); it is highly recommended to set the MPLCONFIGDIR environment variable to a writable directory, in particular to speed up the import of Matplotlib and to better support multiprocessing.
wrote fig_eeg_demand_gradient (pdf, png) -- categorical x-axis, not the degenerate continuous score
capacity/demand regression: {'slope': -1.5357605171827893, 'ci_lo': -89.01999875158113, 'ci_hi': 85.94847771721554, 'n': 36} {'slope': -0.006035870163860574, 'ci_lo': nan, 'ci_hi': nan, 'n': 3}
wrote fig_eeg_capacity_vs_gain (pdf, png)
[2026-07-13T12:47:49-03:00] long_horizon_figure
/home/franco/.config/matplotlib is not a writable directory
Matplotlib created a temporary cache directory at /tmp/matplotlib-3qh1xcn_ because there was an issue with the default path ({configdir}); it is highly recommended to set the MPLCONFIGDIR environment variable to a writable directory, in particular to speed up the import of Matplotlib and to better support multiprocessing.
wrote fig_long_horizon (pdf, png)
[2026-07-13T12:47:51-03:00] bugfix_diff_report
wrote /home/franco/QRC EEG/results/eeg/bugfix_diff_report.md
[2026-07-13T12:47:52-03:00] pytest_full
..........                                                               [100%]
10 passed in 3.70s
[2026-07-13T12:47:56-03:00] bugfix_gate
...                                                                      [100%]
3 passed in 0.65s
wrote /home/franco/QRC EEG/provenance/eeg_checksums.txt (29 files)
wrote results/eeg/PROVENANCE.md

BUGFIX GATE: PASS
shuffled target R2: near-zero test passed
normalization: frozen training-only statistics; future-invariance passed
capacity alpha: validation-only; reserved test evaluated once
statistical unit: n_segments; capacity gaps: n=3
snapshot + numeric before/after report: present
75b51f83ad2101480cc92c4b9c3597e10c64d59487ccb97f2f30e3b88f756aeb  results/eeg/bugfix_diff_report.md
cbd42786156f656e3b2547fee7f9735d601256921c72b09a9d8e637a1ab40652  results/eeg/tab_eeg_endpoints.csv
7f5d280ec7249ab268faad8b7778cdf44c88eb7eac48d1022ec8c9d140c5517e  results/eeg/tab_eeg_contrasts.csv
f748932df62fd493b4dcebfd04e914d902676add15678134f440d3eae851a2c2  results/eeg/quadratic_capacity.csv
